$ ./run.cr.sh 

real	0m4.987s
user	0m3.095s
sys	0m0.307s

real	0m3.409s
user	0m0.058s
sys	0m0.011s

----

UNOPTIMIZED MODE:


url: 'https://api.github.com/repos/crystal-lang/crystal/releases?page=1'
page_num: '1', item_count: '1'
page_num: '1', item_count: '2'
page_num: '1', item_count: '3'
page_num: '1', item_count: '4'
page_num: '1', item_count: '5'
page_num: '1', item_count: '6'
page_num: '1', item_count: '7'
page_num: '1', item_count: '8'
page_num: '1', item_count: '9'
page_num: '1', item_count: '10'
page_num: '1', item_count: '11'
page_num: '1', item_count: '12'
page_num: '1', item_count: '13'
page_num: '1', item_count: '14'
page_num: '1', item_count: '15'
page_num: '1', item_count: '16'
page_num: '1', item_count: '17'
page_num: '1', item_count: '18'
page_num: '1', item_count: '19'
page_num: '1', item_count: '20'
page_num: '1', item_count: '21'
page_num: '1', item_count: '22'
page_num: '1', item_count: '23'
page_num: '1', item_count: '24'
page_num: '1', item_count: '25'
page_num: '1', item_count: '26'
page_num: '1', item_count: '27'
page_num: '1', item_count: '28'
page_num: '1', item_count: '29'
page_num: '1', item_count: '30'
url: 'https://api.github.com/repos/crystal-lang/crystal/releases?page=2'
page_num: '2', item_count: '1'
page_num: '2', item_count: '2'
page_num: '2', item_count: '3'
page_num: '2', item_count: '4'
page_num: '2', item_count: '5'
page_num: '2', item_count: '6'
page_num: '2', item_count: '7'
page_num: '2', item_count: '8'
page_num: '2', item_count: '9'
page_num: '2', item_count: '10'
page_num: '2', item_count: '11'
page_num: '2', item_count: '12'
page_num: '2', item_count: '13'
page_num: '2', item_count: '14'
page_num: '2', item_count: '15'
page_num: '2', item_count: '16'
page_num: '2', item_count: '17'
page_num: '2', item_count: '18'
page_num: '2', item_count: '19'
page_num: '2', item_count: '20'
page_num: '2', item_count: '21'
page_num: '2', item_count: '22'
page_num: '2', item_count: '23'
page_num: '2', item_count: '24'
page_num: '2', item_count: '25'
page_num: '2', item_count: '26'
page_num: '2', item_count: '27'
page_num: '2', item_count: '28'
page_num: '2', item_count: '29'
page_num: '2', item_count: '30'
url: 'https://api.github.com/repos/crystal-lang/crystal/releases?page=3'
page_num: '3', item_count: '1'
page_num: '3', item_count: '2'
page_num: '3', item_count: '3'
page_num: '3', item_count: '4'
url: 'https://api.github.com/repos/crystal-lang/crystal/releases?page=4'
done: 'true', items_per_page: '[30, 30, 4]'
url: 'https://api.github.com/repos/crystal-lang/crystal/releases?page=1'
page_num: '1', item_count: '1'
page_num: '1', item_count: '2'
page_num: '1', item_count: '3'
page_num: '1', item_count: '4'
page_num: '1', item_count: '5'
page_num: '1', item_count: '6'
page_num: '1', item_count: '7'
page_num: '1', item_count: '8'
page_num: '1', item_count: '9'
page_num: '1', item_count: '10'
page_num: '1', item_count: '11'
page_num: '1', item_count: '12'
page_num: '1', item_count: '13'
page_num: '1', item_count: '14'
page_num: '1', item_count: '15'
page_num: '1', item_count: '16'
page_num: '1', item_count: '17'
page_num: '1', item_count: '18'
page_num: '1', item_count: '19'
page_num: '1', item_count: '20'
page_num: '1', item_count: '21'
page_num: '1', item_count: '22'
page_num: '1', item_count: '23'
page_num: '1', item_count: '24'
page_num: '1', item_count: '25'
page_num: '1', item_count: '26'
page_num: '1', item_count: '27'
page_num: '1', item_count: '28'
page_num: '1', item_count: '29'
page_num: '1', item_count: '30'
url: 'https://api.github.com/repos/crystal-lang/crystal/releases?page=2'
page_num: '2', item_count: '1'
page_num: '2', item_count: '2'
page_num: '2', item_count: '3'
page_num: '2', item_count: '4'
page_num: '2', item_count: '5'
page_num: '2', item_count: '6'
page_num: '2', item_count: '7'
page_num: '2', item_count: '8'
page_num: '2', item_count: '9'
page_num: '2', item_count: '10'
page_num: '2', item_count: '11'
page_num: '2', item_count: '12'
page_num: '2', item_count: '13'
page_num: '2', item_count: '14'
page_num: '2', item_count: '15'
page_num: '2', item_count: '16'
page_num: '2', item_count: '17'
page_num: '2', item_count: '18'
page_num: '2', item_count: '19'
page_num: '2', item_count: '20'
page_num: '2', item_count: '21'
page_num: '2', item_count: '22'
page_num: '2', item_count: '23'
page_num: '2', item_count: '24'
page_num: '2', item_count: '25'
page_num: '2', item_count: '26'
page_num: '2', item_count: '27'
page_num: '2', item_count: '28'
page_num: '2', item_count: '29'
page_num: '2', item_count: '30'
url: 'https://api.github.com/repos/crystal-lang/crystal/releases?page=3'
page_num: '3', item_count: '1'
page_num: '3', item_count: '2'
page_num: '3', item_count: '3'
page_num: '3', item_count: '4'
url: 'https://api.github.com/repos/crystal-lang/crystal/releases?page=4'
done: 'true', items_per_page: '[30, 30, 4]'


RELEASE MODE:


url: 'https://api.github.com/repos/crystal-lang/crystal/releases?page=1'
page_num: '1', item_count: '1'
page_num: '1', item_count: '2'
page_num: '1', item_count: '3'
page_num: '1', item_count: '4'
page_num: '1', item_count: '5'
page_num: '1', item_count: '6'
page_num: '1', item_count: '7'
page_num: '1', item_count: '8'
page_num: '1', item_count: '9'
page_num: '1', item_count: '10'
page_num: '1', item_count: '11'
page_num: '1', item_count: '12'
page_num: '1', item_count: '13'
page_num: '1', item_count: '14'
page_num: '1', item_count: '15'
page_num: '1', item_count: '16'
page_num: '1', item_count: '17'
page_num: '1', item_count: '18'
page_num: '1', item_count: '19'
page_num: '1', item_count: '20'
page_num: '1', item_count: '21'
page_num: '1', item_count: '22'
page_num: '1', item_count: '23'
page_num: '1', item_count: '24'
page_num: '1', item_count: '25'
page_num: '1', item_count: '26'
page_num: '1', item_count: '27'
page_num: '1', item_count: '28'
page_num: '1', item_count: '29'
page_num: '1', item_count: '30'
url: 'https://api.github.com/repos/crystal-lang/crystal/releases?page=2'
page_num: '2', item_count: '1'
page_num: '2', item_count: '2'
page_num: '2', item_count: '3'
page_num: '2', item_count: '4'
page_num: '2', item_count: '5'
page_num: '2', item_count: '6'
page_num: '2', item_count: '7'
page_num: '2', item_count: '8'
page_num: '2', item_count: '9'
page_num: '2', item_count: '10'
page_num: '2', item_count: '11'
page_num: '2', item_count: '12'
page_num: '2', item_count: '13'
page_num: '2', item_count: '14'
page_num: '2', item_count: '15'
page_num: '2', item_count: '16'
page_num: '2', item_count: '17'
page_num: '2', item_count: '18'
page_num: '2', item_count: '19'
page_num: '2', item_count: '20'
page_num: '2', item_count: '21'
page_num: '2', item_count: '22'
page_num: '2', item_count: '23'
page_num: '2', item_count: '24'
page_num: '2', item_count: '25'
page_num: '2', item_count: '26'
page_num: '2', item_count: '27'
page_num: '2', item_count: '28'
page_num: '2', item_count: '29'
page_num: '2', item_count: '30'
url: 'https://api.github.com/repos/crystal-lang/crystal/releases?page=3'
page_num: '3', item_count: '1'
page_num: '3', item_count: '2'
page_num: '3', item_count: '3'
page_num: '3', item_count: '4'
url: 'https://api.github.com/repos/crystal-lang/crystal/releases?page=4'
done: 'true', items_per_page: '[30, 30, 4]'
url: 'https://api.github.com/repos/crystal-lang/crystal/releases?page=1'
page_num: '1', item_count: '1'
page_num: '1', item_count: '2'
page_num: '1', item_count: '3'
page_num: '1', item_count: '4'
page_num: '1', item_count: '5'
page_num: '1', item_count: '6'
page_num: '1', item_count: '7'
page_num: '1', item_count: '8'
page_num: '1', item_count: '9'
page_num: '1', item_count: '10'
page_num: '1', item_count: '11'
page_num: '1', item_count: '12'
page_num: '1', item_count: '13'
page_num: '1', item_count: '14'
page_num: '1', item_count: '15'
page_num: '1', item_count: '16'
page_num: '1', item_count: '17'
page_num: '1', item_count: '18'
page_num: '1', item_count: '19'
page_num: '1', item_count: '20'
page_num: '1', item_count: '21'
page_num: '1', item_count: '22'
page_num: '1', item_count: '23'
page_num: '1', item_count: '24'
page_num: '1', item_count: '25'
page_num: '1', item_count: '26'
page_num: '1', item_count: '27'
page_num: '1', item_count: '28'
page_num: '1', item_count: '29'
page_num: '1', item_count: '30'
url: 'https://api.github.com/repos/crystal-lang/crystal/releases?page=2'
page_num: '2', item_count: '1'
page_num: '2', item_count: '2'
page_num: '2', item_count: '3'
page_num: '2', item_count: '4'
page_num: '2', item_count: '5'
page_num: '2', item_count: '6'
page_num: '2', item_count: '7'
page_num: '2', item_count: '8'
page_num: '2', item_count: '9'
page_num: '2', item_count: '10'
page_num: '2', item_count: '11'
page_num: '2', item_count: '12'
page_num: '2', item_count: '13'
page_num: '2', item_count: '14'
page_num: '2', item_count: '15'
page_num: '2', item_count: '16'
page_num: '2', item_count: '17'
page_num: '2', item_count: '18'
page_num: '2', item_count: '19'
page_num: '2', item_count: '20'
page_num: '2', item_count: '21'
page_num: '2', item_count: '22'
page_num: '2', item_count: '23'
page_num: '2', item_count: '24'
page_num: '2', item_count: '25'
page_num: '2', item_count: '26'
page_num: '2', item_count: '27'
page_num: '2', item_count: '28'
page_num: '2', item_count: '29'
page_num: '2', item_count: '30'
url: 'https://api.github.com/repos/crystal-lang/crystal/releases?page=3'
page_num: '3', item_count: '1'
page_num: '3', item_count: '2'
page_num: '3', item_count: '3'
page_num: '3', item_count: '4'
url: 'https://api.github.com/repos/crystal-lang/crystal/releases?page=4'
done: 'true', items_per_page: '[30, 30, 4]'
